<?xml version="1.0" encoding="UTF-8"?>
<!-- Generated by org.testng.reporters.JUnitReportReporter -->
<testsuite hostname="DESKTOP-N4OFCKJ" failures="0" tests="1" name="org.vtiger.Contacts.CreateContactWithOrganizationTest" time="7.585" errors="0" timestamp="2023-03-29T18:50:16 IST" skipped="0">
  <testcase classname="org.vtiger.Contacts.CreateContactWithOrganizationTest" name="createContactWithOrg" time="7.585"/>
  <system-out/>
</testsuite> <!-- org.vtiger.Contacts.CreateContactWithOrganizationTest -->
