<?xml version="1.0" encoding="UTF-8"?>
<!-- Generated by org.testng.reporters.JUnitReportReporter -->
<testsuite hostname="DESKTOP-N4OFCKJ" failures="0" tests="1" name="org.vtiger.Organization.CreateOrganizationTest" time="7.805" errors="0" timestamp="2023-03-29T18:53:52 IST" skipped="0">
  <testcase classname="org.vtiger.Organization.CreateOrganizationTest" name="createOrganization" time="7.805"/>
  <system-out/>
</testsuite> <!-- org.vtiger.Organization.CreateOrganizationTest -->
