<?xml version="1.0" encoding="UTF-8"?>
<!-- Generated by org.testng.reporters.JUnitReportReporter -->
<testsuite hostname="DESKTOP-N4OFCKJ" failures="0" tests="1" name="com.practice.Automation.ReadDataFromCmdLine" time="0.000" errors="0" timestamp="2023-03-26T00:06:46 IST" skipped="0">
  <testcase classname="com.practice.Automation.ReadDataFromCmdLine" name="readData" time="0.000"/>
  <system-out/>
</testsuite> <!-- com.practice.Automation.ReadDataFromCmdLine -->
