<?xml version="1.0" encoding="UTF-8"?>
<!-- Generated by org.testng.reporters.JUnitReportReporter -->
<testsuite hostname="DESKTOP-N4OFCKJ" failures="0" tests="1" name="com.practice.Automation.ReadDataFromCmdLine" time="0.004" errors="0" timestamp="2023-04-14T20:03:16 IST" skipped="0">
  <testcase classname="com.practice.Automation.ReadDataFromCmdLine" name="readData" time="0.004"/>
  <system-out/>
</testsuite> <!-- com.practice.Automation.ReadDataFromCmdLine -->
